e:\git\qt_loadrgbimage\qt_image\x64\debug\qrc_qt_image.obj
e:\git\qt_loadrgbimage\qt_image\x64\debug\moc_qt_image.obj
e:\git\qt_loadrgbimage\qt_image\x64\debug\qt_image.obj
e:\git\qt_loadrgbimage\qt_image\x64\debug\main.obj
e:\git\qt_loadrgbimage\qt_image\x64\debug\vc141.pdb
e:\git\qt_loadrgbimage\x64\debug\qt_image.exe
e:\git\qt_loadrgbimage\x64\debug\qt_image.ilk
e:\git\qt_loadrgbimage\x64\debug\qt_image.pdb
e:\git\qt_loadrgbimage\qt_image\.\generatedfiles\debug\moc_qt_image.cpp
e:\git\qt_loadrgbimage\qt_image\generatedfiles\ui_qt_image.h
e:\git\qt_loadrgbimage\qt_image\generatedfiles\qrc_qt_image.cpp
e:\git\qt_loadrgbimage\qt_image\generatedfiles\debug\moc_qt_image.cpp
e:\git\qt_loadrgbimage\qt_image\.\generatedfiles\qrc_qt_image.cpp
e:\git\qt_loadrgbimage\qt_image\.\generatedfiles\ui_qt_image.h
e:\git\qt_loadrgbimage\qt_image\x64\debug\qt_image.tlog\cl.command.1.tlog
e:\git\qt_loadrgbimage\qt_image\x64\debug\qt_image.tlog\cl.read.1.tlog
e:\git\qt_loadrgbimage\qt_image\x64\debug\qt_image.tlog\cl.write.1.tlog
e:\git\qt_loadrgbimage\qt_image\x64\debug\qt_image.tlog\link.command.1.tlog
e:\git\qt_loadrgbimage\qt_image\x64\debug\qt_image.tlog\link.read.1.tlog
e:\git\qt_loadrgbimage\qt_image\x64\debug\qt_image.tlog\link.write.1.tlog
e:\git\qt_loadrgbimage\qt_image\x64\debug\qt_image.tlog\moc.read.1u.tlog
e:\git\qt_loadrgbimage\qt_image\x64\debug\qt_image.tlog\moc.write.1u.tlog
e:\git\qt_loadrgbimage\qt_image\x64\debug\qt_image.tlog\qt_image.write.1u.tlog
e:\git\qt_loadrgbimage\qt_image\x64\debug\qt_image.tlog\rcc.read.1u.tlog
e:\git\qt_loadrgbimage\qt_image\x64\debug\qt_image.tlog\rcc.write.1u.tlog
e:\git\qt_loadrgbimage\qt_image\x64\debug\qt_image.tlog\uic.read.1u.tlog
e:\git\qt_loadrgbimage\qt_image\x64\debug\qt_image.tlog\uic.write.1u.tlog
